<?xml version="1.0" encoding="UTF-8"?>
<!-- Generated by org.testng.reporters.JUnitXMLReporter -->
<testsuite ignored="0" hostname="DESKTOP-EM7FEGR" failures="3" tests="19" name="All Test" time="449.895" errors="0" timestamp="2023-12-11T19:36:32 IST">
  <testcase classname="com.swaglabs.testcases.LoginPageTest" name="loginTest" time="8.116"/>
  <testcase classname="com.swaglabs.testcases.LoginPageTest" name="loginDDT" time="0.0">
    <failure type="java.lang.RuntimeException" message="java.io.FileNotFoundException: C:\eclipse workspace\swaglabs\src\test\resources\Testdata\Swag Labs Login.xlsx (The system cannot find the path specified)">
      <![CDATA[java.lang.RuntimeException: java.io.FileNotFoundException: C:\eclipse workspace\swaglabs\src\test\resources\Testdata\Swag Labs Login.xlsx (The system cannot find the path specified)
at java.base/java.util.ArrayList.forEach(ArrayList.java:1596)
Caused by: java.io.FileNotFoundException: C:\eclipse workspace\swaglabs\src\test\resources\Testdata\Swag Labs Login.xlsx (The system cannot find the path specified)
at java.base/java.io.FileInputStream.open0(Native Method)
at java.base/java.io.FileInputStream.open(FileInputStream.java:213)
at java.base/java.io.FileInputStream.<init>(FileInputStream.java:152)
at java.base/java.io.FileInputStream.<init>(FileInputStream.java:106)
at com.swaglabs.pageobjects.LoginPage.readExcelData(LoginPage.java:62)
... 25 more
... Removed 30 stack frames]]>
    </failure>
  </testcase> <!-- loginDDT -->
  <testcase classname="com.swaglabs.testcases.HomePageTest" name="countProductTest" time="9.71"/>
  <testcase classname="com.swaglabs.testcases.HomePageTest" name="productTitleTest" time="35.01"/>
  <testcase classname="com.swaglabs.testcases.HomePageTest" name="cartLogoVisibilityTest" time="8.516"/>
  <testcase classname="com.swaglabs.testcases.HomePageTest" name="clickCartLogoTest" time="12.921"/>
  <testcase classname="com.swaglabs.testcases.HomePageTest" name="getCartTextTest" time="21.599"/>
  <testcase classname="com.swaglabs.testcases.HomePageTest" name="menuAllItemsBtnTest" time="13.073"/>
  <testcase classname="com.swaglabs.testcases.HomePageTest" name="menuAboutBtnTest" time="16.144"/>
  <testcase classname="com.swaglabs.testcases.HomePageTest" name="menuLogoutBtnTest" time="13.687"/>
  <testcase classname="com.swaglabs.testcases.AddToCartPageTest" name="clickContinueShoppingBtnTest" time="12.113"/>
  <testcase classname="com.swaglabs.testcases.AddToCartPageTest" name="clickCheckoutBtnTest" time="13.02"/>
  <testcase classname="com.swaglabs.testcases.DetailsPageTest" name="addCartTestDetailsPage" time="41.38"/>
  <testcase classname="com.swaglabs.testcases.CheckoutPageTest" name="checkOutInfoTest" time="37.108">
    <failure type="java.lang.AssertionError" message="expected [true] but found [false]">
      <![CDATA[java.lang.AssertionError: expected [true] but found [false]
at com.swaglabs.testcases.CheckoutPageTest.checkOutInfoTest(CheckoutPageTest.java:49)
at java.base/java.util.ArrayList.forEach(ArrayList.java:1596)
... Removed 29 stack frames]]>
    </failure>
  </testcase> <!-- checkOutInfoTest -->
  <testcase classname="com.swaglabs.testcases.CheckoutPageTest" name="cancelcheckOutInfoTest" time="30.693"/>
  <testcase classname="com.swaglabs.testcases.CheckoutPageTest" name="finishCheckOutTest" time="44.103"/>
  <testcase classname="com.swaglabs.testcases.CheckoutPageTest" name="cancelCheckOutTest" time="43.605"/>
  <testcase classname="com.swaglabs.testcases.CheckoutPageTest" name="endToEndTest" time="49.053"/>
  <testcase classname="com.swaglabs.testcases.CheckoutPageTest" name="ddtCheckOutInfoTest" time="0.0">
    <failure type="java.lang.RuntimeException" message="java.io.FileNotFoundException: C:\eclipse workspace\swaglabs\src\test\resources\Testdata\DDTCheckout.xlsx (The system cannot find the path specified)">
      <![CDATA[java.lang.RuntimeException: java.io.FileNotFoundException: C:\eclipse workspace\swaglabs\src\test\resources\Testdata\DDTCheckout.xlsx (The system cannot find the path specified)
at java.base/java.util.ArrayList.forEach(ArrayList.java:1596)
Caused by: java.io.FileNotFoundException: C:\eclipse workspace\swaglabs\src\test\resources\Testdata\DDTCheckout.xlsx (The system cannot find the path specified)
at java.base/java.io.FileInputStream.open0(Native Method)
at java.base/java.io.FileInputStream.open(FileInputStream.java:213)
at java.base/java.io.FileInputStream.<init>(FileInputStream.java:152)
at java.base/java.io.FileInputStream.<init>(FileInputStream.java:106)
at com.swaglabs.pageobjects.CheckoutPage.readExcelData(CheckoutPage.java:138)
... 25 more
... Removed 30 stack frames]]>
    </failure>
  </testcase> <!-- ddtCheckOutInfoTest -->
</testsuite> <!-- All Test -->
